2022-02-16 18:02:305 INFO  ManageDriver :29 - Launching chrome Browser
2022-02-16 18:02:316 INFO  SearchPage :40 - Clicking on login link : [[ChromeDriver: chrome on WINDOWS (efceeabb2a993461de10bb1442eeb93a)] -> id: orb-search-button]
2022-02-16 18:02:294 INFO  ManageDriver :29 - Launching chrome Browser
2022-02-16 18:02:868 INFO  LoginPage :40 - Getting text from : [[ChromeDriver: chrome on WINDOWS (ad15b6e8531f80b82f2b750b3677a2ea)] -> id: idcta-username]
2022-02-16 18:02:765 INFO  ManageDriver :29 - Launching chrome Browser
2022-02-16 18:02:52 INFO  LoginPage :40 - Getting text from : [[ChromeDriver: chrome on WINDOWS (49120959e79997220375d505f026612f)] -> id: idcta-username]
2022-02-16 18:02:861 INFO  ManageDriver :29 - Launching chrome Browser
2022-02-16 18:02:189 INFO  LoginPage :40 - Getting text from : [[ChromeDriver: chrome on WINDOWS (9868af58ff7cf07de6923e2d90fd1c70)] -> id: idcta-username]
2022-02-16 18:02:157 INFO  ManageDriver :29 - Launching chrome Browser
2022-02-16 18:02:613 INFO  HomePage :29 - Printing all teams name : FC Red Bull Salzburg
20:00
Bayern Munich
2022-02-16 18:02:637 INFO  HomePage :29 - Printing all teams name : Inter Milan
20:00
Liverpool
2022-02-16 18:02:658 INFO  HomePage :29 - Printing all teams name : Peterborough United
19:45
Reading
2022-02-16 18:02:681 INFO  HomePage :29 - Printing all teams name : Sheffield Wednesday
19:45
Accrington Stanley
2022-02-16 18:02:718 INFO  HomePage :29 - Printing all teams name : Republic of Ireland
2
Poland
1
FT
2022-02-16 18:02:743 INFO  HomePage :29 - Printing all teams name : Wales
3
Scotland
1
FT
2022-02-16 18:02:765 INFO  HomePage :29 - Printing all teams name : Hungary
19:30
Russia
2022-02-16 18:02:786 INFO  HomePage :29 - Printing all teams name : Slovakia
19:30
Belgium
2022-02-16 18:02:805 INFO  HomePage :29 - Printing all teams name : Atlético Madrid
0
Levante
0
11 mins
2022-02-16 18:02:828 INFO  HomePage :29 - Printing all teams name : Wellington Phoenix
3
Brisbane Roar FC
0
FT
2022-02-16 18:02:852 INFO  HomePage :29 - Printing all teams name : Western Sydney Wanderers FC
2
Melbourne Victory
0
FT
2022-02-16 18:02:873 INFO  HomePage :29 - Printing all teams name : Western Sydney Wanderers FC
P
Central Coast Mariners
P
Match postponed - Other
2022-02-16 18:02:901 INFO  HomePage :29 - Printing all teams name : KRC Genk
1
Mechelen
0
25 mins
2022-02-16 18:02:922 INFO  HomePage :29 - Printing all teams name : Panetolikos
1
Lamia
0
FT
2022-02-16 18:02:943 INFO  HomePage :29 - Printing all teams name : Atromitos Athens
2
OFI
2
FT
2022-02-16 18:02:963 INFO  HomePage :29 - Printing all teams name : Apollon Smyrnis
0
Panathinaikos
2
82 mins
2022-02-16 18:02:650 INFO  ManageDriver :29 - Launching chrome Browser
2022-02-16 18:02:942 INFO  SearchPage :40 - Clicking on login link : [[ChromeDriver: chrome on WINDOWS (75ed357a6e7601c5b1500ec9fa41048f)] -> id: orb-search-button]
2022-02-16 18:02:79 INFO  SearchPage :47 - The first article is : BBC Sports News
2022-02-16 18:02:84 INFO  SearchPage :48 - The Second article is : Bad Education: Series 3: Sports Day
2022-02-16 19:02:555 INFO  ManageDriver :29 - Launching chrome Browser
2022-02-16 19:02:542 INFO  LoginPage :40 - Getting text from : [[ChromeDriver: chrome on WINDOWS (cece517deb18b80214cf49da49bf871f)] -> id: idcta-username]
2022-02-16 19:02:585 INFO  ManageDriver :29 - Launching chrome Browser
2022-02-16 19:02:373 INFO  LoginPage :40 - Getting text from : [[ChromeDriver: chrome on WINDOWS (38a4ee824b67e567a10403bef47e5224)] -> id: idcta-username]
2022-02-16 19:02:502 INFO  ManageDriver :29 - Launching chrome Browser
2022-02-16 19:02:841 INFO  LoginPage :40 - Getting text from : [[ChromeDriver: chrome on WINDOWS (006ffc46d8ad4c781e6a53de402905d8)] -> id: idcta-username]
2022-02-16 19:02:746 INFO  ManageDriver :29 - Launching chrome Browser
2022-02-16 19:02:466 INFO  HomePage :29 - Printing all teams name : FC Red Bull Salzburg
20:00
Bayern Munich
2022-02-16 19:02:582 INFO  HomePage :29 - Printing all teams name : Inter Milan
20:00
Liverpool
2022-02-16 19:02:635 INFO  HomePage :29 - Printing all teams name : Peterborough United
19:45
Reading
2022-02-16 19:02:669 INFO  HomePage :29 - Printing all teams name : Sheffield Wednesday
P
Accrington Stanley
P
Match postponed - Waterlogged Pitch
2022-02-16 19:02:782 INFO  HomePage :29 - Printing all teams name : Atlético Madrid
0
Levante
1
80 mins
2022-02-16 19:02:854 INFO  HomePage :29 - Printing all teams name : Wellington Phoenix
3
Brisbane Roar FC
0
FT
2022-02-16 19:02:919 INFO  HomePage :29 - Printing all teams name : Western Sydney Wanderers FC
2
Melbourne Victory
0
FT
2022-02-16 19:02:950 INFO  HomePage :29 - Printing all teams name : Western Sydney Wanderers FC
P
Central Coast Mariners
P
Match postponed - Other
2022-02-16 19:02:997 INFO  HomePage :29 - Printing all teams name : KRC Genk
4
Mechelen
1
FT
2022-02-16 19:02:66 INFO  HomePage :29 - Printing all teams name : Panetolikos
1
Lamia
0
FT
2022-02-16 19:02:120 INFO  HomePage :29 - Printing all teams name : Atromitos Athens
2
OFI
2
FT
2022-02-16 19:02:167 INFO  HomePage :29 - Printing all teams name : Apollon Smyrnis
0
Panathinaikos
3
FT
2022-02-16 19:02:120 INFO  ManageDriver :29 - Launching chrome Browser
2022-02-16 19:02:863 INFO  SearchPage :40 - Clicking on login link : [[ChromeDriver: chrome on WINDOWS (2ceb004e1294f9376adf9e4afdf6cb4c)] -> id: orb-search-button]
2022-02-16 19:02:901 INFO  SearchPage :47 - The first article is : BBC Sports News
2022-02-16 19:02:917 INFO  SearchPage :48 - The Second article is : Bad Education: Series 3: Sports Day
